лист. 20, 2022 12:48:12 ПП Main main
ALL: Підключення
лист. 20, 2022 12:48:12 ПП DAO.SQLServerDAOFactory setProperties
INFO: Встановлення параметрів для з'єдання з БД
лист. 20, 2022 12:48:12 ПП DAO.SQLServerDAOFactory getConnection
CONFIG: Спроба створити з'єднання з БД
лист. 20, 2022 12:48:13 ПП DAO.SQLServerDAOFactory getConnection
FINE: Спроба створити з'єднання з БД пройшла успішно
лист. 20, 2022 12:48:13 ПП DAO.AdmDAO setConnection
CONFIG: AdmDAO встановлює підключення до БД
лист. 20, 2022 12:48:13 ПП DAO.AdmDAO createPlayRoom
CONFIG: Ініціалізація ігрової кімнати
лист. 20, 2022 12:48:23 ПП PlayRoom.PlayRoom registerChild
INFO: Реєстрація дитини
лист. 20, 2022 12:48:23 ПП PlayRoom.PlayRoom registerChild
FINE: Реєстрація успішна, так як дітей у кімнаті менше за 20
лист. 20, 2022 12:48:30 ПП PlayRoom.PlayRoom$ToyList getActualMoney
INFO: Виведення фактичної ціни усіх іграшок
лист. 20, 2022 12:48:30 ПП PlayRoom.PlayRoom$ToyList getActualMoney
SEVERE: Спершу потрібно створити список іграшок!
лист. 20, 2022 12:48:33 ПП DAO.AdmDAO getToyList
INFO: AdmDAO повертає об'єкт ToyList
лист. 20, 2022 12:48:33 ПП PlayRoom.AbstractToyList allToysByAgeGroup
INFO: Пошук усіх іграшок у БД з віковою групою TODDLER
лист. 20, 2022 12:48:33 ПП DAO.AdmDAO getToyList
INFO: AdmDAO повертає об'єкт ToyList
лист. 20, 2022 12:48:33 ПП PlayRoom.AbstractToyList allToysByAgeGroup
INFO: Пошук усіх іграшок у БД з віковою групою MIDDLECHILD
лист. 20, 2022 12:48:33 ПП DAO.AdmDAO getToyList
INFO: AdmDAO повертає об'єкт ToyList
лист. 20, 2022 12:48:33 ПП PlayRoom.AbstractToyList allToysByAgeGroup
INFO: Пошук усіх іграшок у БД з віковою групою TEENAGER
лист. 20, 2022 12:48:33 ПП PlayRoom.PlayRoom$ToyList CreateToyMap
INFO: Спроба підібрати список іграшок
лист. 20, 2022 12:48:33 ПП PlayRoom.PlayRoom autoPrepRoom
INFO: Автоматичний підбір вікових груп
лист. 20, 2022 12:48:33 ПП PlayRoom.PlayRoom$ToyList CreateToyMap
INFO: Список успішно підібрано
лист. 20, 2022 12:48:33 ПП DAO.AdmDAO getToyList
INFO: AdmDAO повертає об'єкт ToyList
лист. 20, 2022 12:48:33 ПП PlayRoom.AbstractToyList allToysByAgeGroup
INFO: Пошук усіх іграшок у БД з віковою групою TODDLER
лист. 20, 2022 12:48:33 ПП DAO.AdmDAO getToyList
INFO: AdmDAO повертає об'єкт ToyList
лист. 20, 2022 12:48:33 ПП PlayRoom.AbstractToyList allToysByAgeGroup
INFO: Пошук усіх іграшок у БД з віковою групою MIDDLECHILD
лист. 20, 2022 12:48:33 ПП DAO.AdmDAO getToyList
INFO: AdmDAO повертає об'єкт ToyList
лист. 20, 2022 12:48:33 ПП PlayRoom.AbstractToyList allToysByAgeGroup
INFO: Пошук усіх іграшок у БД з віковою групою TEENAGER
лист. 20, 2022 12:48:33 ПП PlayRoom.PlayRoom$ToyList getActualMoney
INFO: Виведення фактичної ціни усіх іграшок
лист. 20, 2022 12:48:35 ПП PlayRoom.PlayRoom startGroup
CONFIG: Спроба відкриття кімнати
лист. 20, 2022 12:48:35 ПП PlayRoom.PlayRoom startGroup
FINE: Кімнату успішно відкрито, заповнюються місця для зареєстрованих дітей
лист. 20, 2022 12:48:35 ПП PlayRoom.PlayRoom addChildren
INFO: Додавання в БД зареєстрованих дітей
лист. 20, 2022 12:48:35 ПП PlayRoom.AbstractToyList approveList
CONFIG: Перевірка, чи можна підтвердити список іграшок
лист. 20, 2022 12:48:35 ПП PlayRoom.AbstractToyList addToys
INFO: Заповнення кімнати підібраним списком іграшок
лист. 20, 2022 12:48:43 ПП PlayRoom.PlayRoom freeRoom
CONFIG: Звільнення кімнати
лист. 20, 2022 12:48:43 ПП PlayRoom.AbstractToyList trunkToyList
FINE: Видалення даних з таблиці з іграшками, які знаходились в кімнаті
